Starting ROM dump: Tue Jun 27 16:36:27 TRT 2023
Loaded 90 shading profiles.
Loaded 4926 US library definitions.
Dumping strings...
BufferOverflowException
null
  at java.base/java.nio.Buffer.nextPutIndex(Buffer.java:722)
  at java.base/java.nio.HeapByteBuffer.put(HeapByteBuffer.java:209)
  at romdata.strings.StringDumper.dumpAllStrings(StringDumper.java:65)
  at main.StarRodDev.dumpAssets(StarRodDev.java:751)
  at main.StarRodDev.dumpAssets(StarRodDev.java:709)
  at main.StarRodDev.lambda$new$3(StarRodDev.java:356)
  at main.StarRodDev$TaskWorker.doInBackground(StarRodDev.java:697)
  at main.StarRodDev$TaskWorker.doInBackground(StarRodDev.java:686)
  at java.desktop/javax.swing.SwingWorker$1.call(SwingWorker.java:304)
  at java.base/java.util.concurrent.FutureTask.run(FutureTask.java:264)
  at java.desktop/javax.swing.SwingWorker.run(SwingWorker.java:343)
  at java.base/java.util.concurrent.ThreadPoolExecutor.runWorker(ThreadPoolExecutor.java:1136)
  at java.base/java.util.concurrent.ThreadPoolExecutor$Worker.run(ThreadPoolExecutor.java:635)
  at java.base/java.lang.Thread.run(Thread.java:833)
